#
# There is insufficient memory for the Java Runtime Environment to continue.
# Native memory allocation (mmap) failed to map 132120576 bytes. Error detail: G1 virtual space
# Possible reasons:
#   The system is out of physical RAM or swap space
#   This process is running with CompressedOops enabled, and the Java Heap may be blocking the growth of the native heap
# Possible solutions:
#   Reduce memory load on the system
#   Increase physical memory or swap space
#   Check if swap backing store is full
#   Decrease Java heap size (-Xmx/-Xms)
#   Decrease number of Java threads
#   Decrease Java thread stack sizes (-Xss)
#   Set larger code cache with -XX:ReservedCodeCacheSize=
#   JVM is running with Unscaled Compressed Oops mode in which the Java heap is
#     placed in the first 4GB address space. The Java Heap base address is the
#     maximum limit for the native heap growth. Please use -XX:HeapBaseMinAddress
#     to set the Java Heap base and to place the Java Heap above 4GB virtual address.
# This output file may be truncated or incomplete.
#
#  Out of Memory Error (os_windows.cpp:3898), pid=30816, tid=30272
#
# JRE version:  (21.0.6) (build )
# Java VM: OpenJDK 64-Bit Server VM (21.0.6+-13368085-b895.109, mixed mode, sharing, tiered, compressed oops, compressed class ptrs, g1 gc, windows-amd64)
# No core dump will be written. Minidumps are not enabled by default on client versions of Windows
#

---------------  S U M M A R Y ------------

Command Line: org.jetbrains.kotlin.cli.jvm.K2JVMCompiler @C:\Users\HUAWEI_D15\flutter\packages\flutter_tools\gradle\build\20260323_4987675508597436922.compiler.options

Host: Intel(R) Core(TM) i5-10210U CPU @ 1.60GHz, 8 cores, 7G,  Windows 11 , 64 bit Build 26100 (10.0.26100.4202)
Time: Mon Mar 23 03:19:50 2026 Malay Peninsula Standard Time elapsed time: 2.036926 seconds (0d 0h 0m 2s)

---------------  T H R E A D  ---------------

Current thread (0x000001e5bb743d20):  JavaThread "Unknown thread" [_thread_in_vm, id=30272, stack(0x0000007f95c00000,0x0000007f95d00000) (1024K)]

Stack: [0x0000007f95c00000,0x0000007f95d00000]
Native frames: (J=compiled Java code, j=interpreted, Vv=VM code, C=native code)
V  [jvm.dll+0x6d0639]
V  [jvm.dll+0x85eb03]
V  [jvm.dll+0x86105e]
V  [jvm.dll+0x861743]
V  [jvm.dll+0x27e6e6]
V  [jvm.dll+0x6ccfd5]
V  [jvm.dll+0x6c0a8a]
V  [jvm.dll+0x35537b]
V  [jvm.dll+0x35cfd6]
V  [jvm.dll+0x3aef86]
V  [jvm.dll+0x3af258]
V  [jvm.dll+0x327a2c]
V  [jvm.dll+0x32871b]
V  [jvm.dll+0x826549]
V  [jvm.dll+0x3bc158]
V  [jvm.dll+0x80f7f8]
V  [jvm.dll+0x45035e]
V  [jvm.dll+0x451ac1]
C  [jli.dll+0x52ab]
C  [ucrtbase.dll+0x37b0]
C  [KERNEL32.DLL+0x2e8d7]
C  [ntdll.dll+0x3c34c]


---------------  P R O C E S S  ---------------

Threads class SMR info:
_java_thread_list=0x00007ffb08651848, length=0, elements={
}

Java Threads: ( => current thread )
Total: 0

Other Threads:
  0x000001e5bdbd4eb0 WorkerThread "GC Thread#0"                     [id=29404, stack(0x0000007f95d00000,0x0000007f95e00000) (1024K)]
  0x000001e5bdbe6b80 ConcurrentGCThread "G1 Main Marker"            [id=29372, stack(0x0000007f95e00000,0x0000007f95f00000) (1024K)]
  0x000001e5bdbe8fb0 WorkerThread "G1 Conc#0"                       [id=29292, stack(0x0000007f95f00000,0x0000007f96000000) (1024K)]

[error occurred during error reporting (printing all threads), id 0xc0000005, EXCEPTION_ACCESS_VIOLATION (0xc0000005) at pc=0x00007ffb07e4aa87]
VM state: not at safepoint (not fully initialized)

VM Mutex/Monitor currently owned by a thread:  ([mutex/lock_event])
[0x00007ffb086be4a0] Heap_lock - owner thread: 0x000001e5bb743d20

Heap address: 0x0000000082800000, size: 2008 MB, Compressed Oops mode: 32-bit

CDS archive(s) mapped at: [0x0000000000000000-0x0000000000000000-0x0000000000000000), size 0, SharedBaseAddress: 0x0000000800000000, ArchiveRelocationMode: 1.
Narrow klass base: 0x0000000000000000, Narrow klass shift: 0, Narrow klass range: 0x0

GC Precious Log:
 CardTable entry size: 512
 Card Set container configuration: InlinePtr #cards 5 size 8 Array Of Cards #cards 12 size 40 Howl #buckets 4 coarsen threshold 1843 Howl Bitmap #cards 512 size 80 coarsen threshold 460 Card regions per heap region 1 cards per card region 2048

Heap:
 garbage-first heap   total 0K, used 0K [0x0000000082800000, 0x0000000100000000)
  region size 1024K, 0 young (0K), 0 survivors (0K)
 Metaspace       used 0K, committed 0K, reserved 0K
  class space    used 0K, committed 0K, reserved 0K

Heap Regions: E=young(eden), S=young(survivor), O=old, HS=humongous(starts), HC=humongous(continues), CS=collection set, F=free, TAMS=top-at-mark-start, PB=parsable bottom

Card table byte_map: [0x000001e5d03e0000,0x000001e5d07d0000] _byte_map_base: 0x000001e5cffcc000

Marking Bits: (CMBitMap*) 0x000001e5bdbd64d0
 Bits: [0x000001e5d07d0000, 0x000001e5d2730000)

GC Heap History (0 events):
No events

Dll operation events (1 events):
Event: 0.012 Loaded shared library C:\Program Files\Android\Android Studio\jbr\bin\java.dll

Deoptimization events (0 events):
No events

Classes loaded (0 events):
No events

Classes unloaded (0 events):
No events

Classes redefined (0 events):
No events

Internal exceptions (0 events):
No events

ZGC Phase Switch (0 events):
No events

VM Operations (0 events):
No events

Memory protections (0 events):
No events

Nmethod flushes (0 events):
No events

Events (0 events):
No events


Dynamic libraries:
0x00007ff6cc9c0000 - 0x00007ff6cc9ca000 	C:\Program Files\Android\Android Studio\jbr\bin\java.exe
0x00007ffc29600000 - 0x00007ffc29865000 	C:\WINDOWS\SYSTEM32\ntdll.dll
0x00007ffc28630000 - 0x00007ffc286f9000 	C:\WINDOWS\System32\KERNEL32.DLL
0x00007ffc268e0000 - 0x00007ffc26cc8000 	C:\WINDOWS\System32\KERNELBASE.dll
0x00007ffc22800000 - 0x00007ffc2289e000 	C:\WINDOWS\SYSTEM32\apphelp.dll
0x00007ffc26f90000 - 0x00007ffc270db000 	C:\WINDOWS\System32\ucrtbase.dll
0x00007ffc088b0000 - 0x00007ffc088c8000 	C:\Program Files\Android\Android Studio\jbr\bin\jli.dll
0x00007ffbef410000 - 0x00007ffbef42b000 	C:\Program Files\Android\Android Studio\jbr\bin\VCRUNTIME140.dll
0x00007ffc29260000 - 0x00007ffc2942a000 	C:\WINDOWS\System32\USER32.dll
0x00007ffc268b0000 - 0x00007ffc268d7000 	C:\WINDOWS\System32\win32u.dll
0x00007ffc08610000 - 0x00007ffc088aa000 	C:\WINDOWS\WinSxS\amd64_microsoft.windows.common-controls_6595b64144ccf1df_6.0.26100.4202_none_3e0698d4e335f517\COMCTL32.dll
0x00007ffc294b0000 - 0x00007ffc29559000 	C:\WINDOWS\System32\msvcrt.dll
0x00007ffc29480000 - 0x00007ffc294ab000 	C:\WINDOWS\System32\GDI32.dll
0x00007ffc270e0000 - 0x00007ffc27217000 	C:\WINDOWS\System32\gdi32full.dll
0x00007ffc26cd0000 - 0x00007ffc26d73000 	C:\WINDOWS\System32\msvcp_win.dll
0x00007ffc29220000 - 0x00007ffc29250000 	C:\WINDOWS\System32\IMM32.DLL
0x00007ffc0edb0000 - 0x00007ffc0edbc000 	C:\Program Files\Android\Android Studio\jbr\bin\vcruntime140_1.dll
0x00007ffbe2af0000 - 0x00007ffbe2b7d000 	C:\Program Files\Android\Android Studio\jbr\bin\msvcp140.dll
0x00007ffb07b10000 - 0x00007ffb0879b000 	C:\Program Files\Android\Android Studio\jbr\bin\server\jvm.dll
0x00007ffc27a10000 - 0x00007ffc27ac3000 	C:\WINDOWS\System32\ADVAPI32.dll
0x00007ffc28550000 - 0x00007ffc285f6000 	C:\WINDOWS\System32\sechost.dll
0x00007ffc273b0000 - 0x00007ffc274c5000 	C:\WINDOWS\System32\RPCRT4.dll
0x00007ffc28790000 - 0x00007ffc28804000 	C:\WINDOWS\System32\WS2_32.dll
0x00007ffc174a0000 - 0x00007ffc174ab000 	C:\WINDOWS\SYSTEM32\VERSION.dll
0x00007ffc265a0000 - 0x00007ffc265fe000 	C:\WINDOWS\SYSTEM32\POWRPROF.dll
0x00007ffc241a0000 - 0x00007ffc241d5000 	C:\WINDOWS\SYSTEM32\WINMM.dll
0x00007ffc26580000 - 0x00007ffc26594000 	C:\WINDOWS\SYSTEM32\UMPDC.dll
0x00007ffc254d0000 - 0x00007ffc254eb000 	C:\WINDOWS\SYSTEM32\kernel.appcore.dll
0x00007ffc0ea20000 - 0x00007ffc0ea2a000 	C:\Program Files\Android\Android Studio\jbr\bin\jimage.dll
0x00007ffc23a90000 - 0x00007ffc23cd1000 	C:\WINDOWS\SYSTEM32\DBGHELP.DLL
0x00007ffc28810000 - 0x00007ffc28b95000 	C:\WINDOWS\System32\combase.dll
0x00007ffc27bd0000 - 0x00007ffc27cb1000 	C:\WINDOWS\System32\OLEAUT32.dll
0x00007ffc05210000 - 0x00007ffc05249000 	C:\WINDOWS\SYSTEM32\dbgcore.DLL
0x00007ffc26810000 - 0x00007ffc268a9000 	C:\WINDOWS\System32\bcryptPrimitives.dll
0x00007ffbef3f0000 - 0x00007ffbef410000 	C:\Program Files\Android\Android Studio\jbr\bin\java.dll

dbghelp: loaded successfully - version: 4.0.5 - missing functions: none
symbol engine: initialized successfully - sym options: 0x614 - pdb path: .;C:\Program Files\Android\Android Studio\jbr\bin;C:\WINDOWS\SYSTEM32;C:\WINDOWS\WinSxS\amd64_microsoft.windows.common-controls_6595b64144ccf1df_6.0.26100.4202_none_3e0698d4e335f517;C:\Program Files\Android\Android Studio\jbr\bin\server

VM Arguments:
java_command: org.jetbrains.kotlin.cli.jvm.K2JVMCompiler @C:\Users\HUAWEI_D15\flutter\packages\flutter_tools\gradle\build\20260323_4987675508597436922.compiler.options
java_class_path (initial): C:\Users\HUAWEI_D15\.gradle\caches\modules-2\files-2.1\org.jetbrains.kotlin\kotlin-compiler-embeddable\2.0.21\79346ed53db48b18312a472602eb5c057070c54d\kotlin-compiler-embeddable-2.0.21.jar;C:\Users\HUAWEI_D15\.gradle\caches\modules-2\files-2.1\org.jetbrains.kotlin\kotlin-stdlib\2.0.21\618b539767b4899b4660a83006e052b63f1db551\kotlin-stdlib-2.0.21.jar;C:\Users\HUAWEI_D15\.gradle\caches\modules-2\files-2.1\org.jetbrains.kotlin\kotlin-script-runtime\2.0.21\c9b044380ad41f89aa89aa896c2d32a8c0b2129d\kotlin-script-runtime-2.0.21.jar;C:\Users\HUAWEI_D15\.gradle\caches\modules-2\files-2.1\org.jetbrains.kotlin\kotlin-reflect\1.6.10\1cbe9c92c12a94eea200d23c2bbaedaf3daf5132\kotlin-reflect-1.6.10.jar;C:\Users\HUAWEI_D15\.gradle\caches\modules-2\files-2.1\org.jetbrains.kotlin\kotlin-daemon-embeddable\2.0.21\c9e933b23287de9b5a17e2116b4657bb91aea72c\kotlin-daemon-embeddable-2.0.21.jar;C:\Users\HUAWEI_D15\.gradle\caches\modules-2\files-2.1\org.jetbrains.intellij.deps\trove4j\1.0.20200330\3afb14d5f9ceb459d724e907a21145e8ff394f02\trove4j-1.0.20200330.jar;C:\Users\HUAWEI_D15\.gradle\caches\modules-2\files-2.1\org.jetbrains.kotlinx\kotlinx-coroutines-core-jvm\1.6.4\2c997cd1c0ef33f3e751d3831929aeff1390cb30\kotlinx-coroutines-core-jvm-1.6.4.jar;C:\Users\HUAWEI_D15\.gradle\caches\modules-2\files-2.1\org.jetbrains\annotations\13.0\919f0dfe192fb4e063e7dacadee7f8bb9a2672a9\annotations-13.0.jar
Launcher Type: SUN_STANDARD

[Global flags]
     intx CICompilerCount                          = 4                                         {product} {ergonomic}
     uint ConcGCThreads                            = 2                                         {product} {ergonomic}
     uint G1ConcRefinementThreads                  = 8                                         {product} {ergonomic}
   size_t G1HeapRegionSize                         = 1048576                                   {product} {ergonomic}
    uintx GCDrainStackTargetSize                   = 64                                        {product} {ergonomic}
   size_t InitialHeapSize                          = 132120576                                 {product} {ergonomic}
   size_t MarkStackSize                            = 4194304                                   {product} {ergonomic}
   size_t MaxHeapSize                              = 2105540608                                {product} {ergonomic}
   size_t MinHeapDeltaBytes                        = 1048576                                   {product} {ergonomic}
   size_t MinHeapSize                              = 8388608                                   {product} {ergonomic}
    uintx NonNMethodCodeHeapSize                   = 5839372                                {pd product} {ergonomic}
    uintx NonProfiledCodeHeapSize                  = 122909434                              {pd product} {ergonomic}
    uintx ProfiledCodeHeapSize                     = 122909434                              {pd product} {ergonomic}
    uintx ReservedCodeCacheSize                    = 251658240                              {pd product} {ergonomic}
     bool SegmentedCodeCache                       = true                                      {product} {ergonomic}
   size_t SoftMaxHeapSize                          = 2105540608                             {manageable} {ergonomic}
     bool UseCompressedOops                        = true                           {product lp64_product} {ergonomic}
     bool UseG1GC                                  = true                                      {product} {ergonomic}
     bool UseLargePagesIndividualAllocation        = false                                  {pd product} {ergonomic}

Logging:
Log output configuration:
 #0: stdout all=warning uptime,level,tags foldmultilines=false
 #1: stderr all=off uptime,level,tags foldmultilines=false

Environment Variables:
JAVA_HOME=C:\Program Files\Android\Android Studio\jbr
CLASSPATH=C:\P8-Yeoh_Bo_Xian_2305454\mobileapp_indi_assg\android\\gradle\wrapper\gradle-wrapper.jar
PATH=C:\Program Files\Android\Android Studio\jbr\bin;C:\Users\HUAWEI_D15\AppData\Local\Programs\Microsoft VS Code;C:\app\HUAWEI_D15\product\21c\dbhomeXE\bin;C:\Program Files\Common Files\Oracle\Java\javapath;C:\Program Files (x86)\NVIDIA Corporation\PhysX\Common;C:\Windows\System32\HWAudioDriverLibs;C:\Program Files (x86)\Common Files\Oracle\Java\javapath;C:\ProgramData\Oracle\Java\javapath;C:\Program Files (x86)\Common Files\Intel\Shared Libraries\redist\intel64\compiler;C:\Windows\system32;C:\Windows;C:\Windows\System32\Wbem;C:\Windows\System32\WindowsPowerShell\v1.0\;C:\Windows\System32\OpenSSH\;C:\Program Files\Microsoft SQL Server\130\Tools\Binn\;C:\Windows\system32\config\systemprofile\AppData\Local\Microsoft\WindowsApps;C:\Program Files (x86)\HP\Common\HPDestPlgIn\;C:\WINDOWS\system32;C:\WINDOWS;C:\WINDOWS\System32\Wbem;C:\WINDOWS\System32\WindowsPowerShell\v1.0\;C:\WINDOWS\System32\OpenSSH\;C:\Program Files\dotnet\;C:\Program Files (x86)\Windows Kits\10\Windows Performance Toolkit\;C:\Program Files\Java\jdk-23\bin;C:\Program Files\Git\cmd;C:\Program Files\nodejs\;C:\Program Files\Go\bin;C:\Users\HUAWEI_D15\AppData\Local\Microsoft\WindowsApps;C:\Program Files (x86)\HP\Common\HPDestPlgIn\;C:\Users\HUAWEI_D15\.dotnet\tools;C:\Users\HUAWEI_D15\AppData\Local\Programs\Microsoft VS Code\bin;C:\Users\HUAWEI_D15\AppData\Local\atom\bin;C:\Users\HUAWEI_D15\AppData\Local\Microsoft\WindowsApps;C:\Program Files\nodejs\;C:\Users\HUAWEI_D15\AppData\Roaming\npm;C:\Users\HUAWEI_D15\go\bin;C:\Users\HUAWEI_D15\flutter\bin;C:\Users\HUAWEI_D15\flutter\bin;
USERNAME=HUAWEI_D15
OS=Windows_NT
PROCESSOR_IDENTIFIER=Intel64 Family 6 Model 142 Stepping 12, GenuineIntel
TMP=C:\Users\HUAWEI_D15\AppData\Local\Temp
TEMP=C:\Users\HUAWEI_D15\AppData\Local\Temp




Periodic native trim disabled

JNI global refs:
JNI global refs: 0, weak refs: 0

JNI global refs memory usage: 0, weak refs: 0

Process memory usage:
Resident Set Size: 13996K (0% of 8217904K total physical memory with 774540K free physical memory)

OOME stack traces (most recent first):
Classloader memory used:

---------------  S Y S T E M  ---------------

OS:
 Windows 11 , 64 bit Build 26100 (10.0.26100.4202)
OS uptime: 14 days 3:01 hours
Hyper-V role detected

CPU: total 8 (initial active 8) (4 cores per cpu, 2 threads per core) family 6 model 142 stepping 12 microcode 0xde, cx8, cmov, fxsr, ht, mmx, 3dnowpref, sse, sse2, sse3, ssse3, sse4.1, sse4.2, popcnt, lzcnt, tsc, tscinvbit, avx, avx2, aes, erms, clmul, bmi1, bmi2, adx, fma, vzeroupper, clflush, clflushopt, hv, rdtscp, f16c
Processor Information for the first 8 processors :
  Max Mhz: 2112, Current Mhz: 2112, Mhz Limit: 1605

Memory: 4k page, system-wide physical 8025M (756M free)
TotalPageFile size 24409M (AvailPageFile size 91M)
current process WorkingSet (physical memory assigned to process): 13M, peak: 13M
current process commit charge ("private bytes"): 60M, peak: 186M

vm_info: OpenJDK 64-Bit Server VM (21.0.6+-13368085-b895.109) for windows-amd64 JRE (21.0.6+-13368085-b895.109), built on 2025-04-16T17:01:31Z by "builder" with MS VC++ 16.10 / 16.11 (VS2019)

END.
